Build started 12/15/2015 11:52:38 AM.
     1>Project "H:\OpenGL Rasteriser\nclgl\nclgl.vcxproj" on node 2 (Build target(s)).
     1>ClCompile:
         C:\Program Files (x86)\Microsoft Visual Studio 12.0\VC\bin\CL.exe /c /Zi /nologo /W3 /WX- /O2 /Oi /Oy- /GL /D _MBCS /Gm- /EHsc /MD /GS /Gy /fp:precise /Zc:wchar_t /Zc:forScope /Fo"Release\\" /Fd"Release\vc120.pdb" /Gd /TP /analyze- /errorReport:prompt GameTimer.cpp OGLRenderer.cpp Window.cpp
         GameTimer.cpp
     1>GameTimer.cpp(1): fatal error C1083: Cannot open include file: 'GametimePeriodr.h': No such file or directory
         OGLRenderer.cpp
     1>h:\opengl rasteriser\nclgl\Window.h(33): error C2143: syntax error : missing ';' before '*'
     1>h:\opengl rasteriser\nclgl\Window.h(33): error C4430: missing type specifier - int assumed. Note: C++ does not support default-int
     1>h:\opengl rasteriser\nclgl\Window.h(35): warning C4183: 'Gettimer': missing return type; assumed to be a member function returning 'int'
     1>h:\opengl rasteriser\nclgl\Window.h(55): error C2146: syntax error : missing ';' before identifier 'timePeriodr'
     1>h:\opengl rasteriser\nclgl\Window.h(55): error C4430: missing type specifier - int assumed. Note: C++ does not support default-int
     1>h:\opengl rasteriser\nclgl\Window.h(34): error C2065: 'timePeriodr' : undeclared identifier
         Window.cpp
     1>h:\opengl rasteriser\nclgl\Window.h(33): error C2143: syntax error : missing ';' before '*'
     1>h:\opengl rasteriser\nclgl\Window.h(33): error C4430: missing type specifier - int assumed. Note: C++ does not support default-int
     1>h:\opengl rasteriser\nclgl\Window.h(35): warning C4183: 'Gettimer': missing return type; assumed to be a member function returning 'int'
     1>h:\opengl rasteriser\nclgl\Window.h(55): error C2146: syntax error : missing ';' before identifier 'timePeriodr'
     1>h:\opengl rasteriser\nclgl\Window.h(55): error C4430: missing type specifier - int assumed. Note: C++ does not support default-int
     1>h:\opengl rasteriser\nclgl\Window.h(34): error C2065: 'timePeriodr' : undeclared identifier
     1>Done Building Project "H:\OpenGL Rasteriser\nclgl\nclgl.vcxproj" (Build target(s)) -- FAILED.

Build FAILED.

Time Elapsed 00:00:01.30
